<?xml version="1.0" encoding="UTF-8"?>
<testsuite xmlns:xsi="http://www.w3.org/2001/XMLSchema-instance" xsi:noNamespaceSchemaLocation="https://maven.apache.org/surefire/maven-surefire-plugin/xsd/surefire-test-report-3.0.xsd" version="3.0" name="com.banking.BankAccountTest" time="0.018" tests="3" errors="0" skipped="0" failures="0">
  <properties>
[...]
</properties>
  <testcase name="testWithdrawFail" classname="com.banking.BankAccountTest" time="0.009">
    <system-out><![CDATA[Withdrawal failed! Current Balance: 100.0
]]></system-out>
  </testcase>
  <testcase name="testWithdrawSuccess" classname="com.banking.BankAccountTest" time="0.002">
    <system-out><![CDATA[Withdrawn: 100.0 | Remaining Balance: 100.0
]]></system-out>
  </testcase>
  <testcase name="testDeposit" classname="com.banking.BankAccountTest" time="0.001">
    <system-out><![CDATA[Deposited: 50.0 | New Balance: 150.0
]]></system-out>
  </testcase>
</testsuite>